0:100  0:100  MemLog inited, TSC freq: 1992281570
0:100  0:000  CPU was calibrated with RTC
0:100  0:000  
0:100  0:000  Now is 5.12.2019,  15:15:32 (GMT)
0:100  0:000  Starting Clover revision: 5098 (master, commit 58649391) on American Megatrends EFI
0:100  0:000  Build with: [Args: -D NO_GRUB_DRIVERS_EMBEDDED -t GCC53 | -D NO_GRUB_DRIVERS_EMBEDDED --conf=/Users/sergey/src/Clover/Conf -D USE_LOW_EBDA -a X64 -b RELEASE -t GCC53 -n 5 | OS: 10.14.6]
0:100  0:000  SelfDevicePath=PciRoot(0x0)\Pci(0x1D,0x0)\Pci(0x0,0x0)\NVMe(0x1,6B-D4-2C-00-02-0D-08-00)\HD(1,GPT,E39C3811-8795-4BD3-A366-CDA1696E4218,0x800,0x96000) @63672B18
0:100  0:000  SelfDirPath = \EFI\CLOVER
0:100  0:000  SimpleTextEx Status=Success
0:100  0:000  === [ Get Smbios ] ========================================
0:100  0:000  Type 16 Index = 0
0:100  0:000  Total Memory Slots Count = 2
0:100  0:000  Type 17 Index = 0
0:100  0:000  SmbiosTable.Type17->Speed = 2133MHz
0:100  0:000  SmbiosTable.Type17->Size = 8192MB
0:100  0:000  SmbiosTable.Type17->Bank/Device =  System Board Memory
0:100  0:000  SmbiosTable.Type17->Vendor = SK Hynix
0:100  0:000  SmbiosTable.Type17->SerialNumber = 
0:100  0:000  SmbiosTable.Type17->PartNumber = H9CCNNNCLGALAR-NVD
0:100  0:000  Type 17 Index = 1
0:100  0:000  SmbiosTable.Type17->Speed = 2133MHz
0:100  0:000  SmbiosTable.Type17->Size = 8192MB
0:100  0:000  SmbiosTable.Type17->Bank/Device =  System Board Memory
0:100  0:000  SmbiosTable.Type17->Vendor = SK Hynix
0:100  0:000  SmbiosTable.Type17->SerialNumber = 
0:100  0:000  SmbiosTable.Type17->PartNumber = H9CCNNNCLGALAR-NVD
0:100  0:000  Boot status=0
0:100  0:000  Running on: 'XPS 13 9360' with board '02PG84'
0:100  0:000  === [ GetCPUProperties ] ==================================
0:100  0:000  CPU Vendor = 756E6547 Model=806EA
0:100  0:000   The CPU supported SSE4.1
0:100  0:000  BrandString = Intel(R) Core(TM) i7-8550U CPU @ 1.80GHz
0:100  0:000   The CPU supported turbo
0:100  0:000  MSR 0x35               40008
0:100  0:000   TSC/CCC Information Leaf:
0:100  0:000    numerator     : 166
0:100  0:000    denominator   : 2
0:100  0:000   Calibrated ARTFrequency: 24003392
0:100  0:000   Rounded ARTFrequency: 24000000
0:100  0:000  MSR 0xE2 before patch 1E000008
0:100  0:000  MSR 0xCE              0004043D_F1011400
0:100  0:000  corrected FLEX_RATIO = 0
0:100  0:000  MSR 0x1B0             00000000
0:100  0:000  FSBFrequency = 185 MHz, DMI FSBFrequency = 100 MHz, Corrected FSBFrequency = 100 MHz
0:100  0:000  MaxDiv/MinDiv: 20.0/4
0:100  0:000  Turbo: 37/37/40/40
0:100  0:000  Features: 0xBFEBFBFF
0:100  0:000  Threads: 8
0:100  0:000  Cores: 4
0:100  0:000  FSB: 100 MHz
0:100  0:000  CPU: 3700 MHz
0:100  0:000  TSC: 3700 MHz
0:100  0:000  PIS: 100 MHz
0:100  0:000  ExternalClock: 25 MHz
0:100  0:000  === [ GetDevices ] ========================================
0:100  0:000  GOP found at: PciRoot(0x0)/Pci(0x2,0x0)/AcpiAdr(0x80011400)
0:100  0:000  PCI (00|00:00.00) : 8086 5914 class=060000
0:100  0:000  PCI (00|00:02.00) : 8086 5917 class=030000
0:100  0:000   - GOP: Provided by device
0:100  0:000   - GFX: Model=Intel UHD Graphics 620 (Intel)
0:100  0:000  PCI (00|00:04.00) : 8086 1903 class=118000
0:100  0:000  PCI (00|00:14.00) : 8086 9D2F class=0C0330
0:100  0:000  PCI (00|00:14.02) : 8086 9D31 class=118000
0:100  0:000  PCI (00|00:15.00) : 8086 9D60 class=118000
0:100  0:000  PCI (00|00:15.01) : 8086 9D61 class=118000
0:100  0:000  PCI (00|00:16.00) : 8086 9D3A class=078000
0:100  0:000  PCI (00|00:1C.00) : 8086 9D10 class=060400
0:100  0:000  PCI (00|00:1C.04) : 8086 9D14 class=060400
0:101  0:000  PCI (00|3A:00.00) : 168C 003E class=028000
0:101  0:000   - WIFI: Vendor=Atheros
0:101  0:000  PCI (00|00:1D.00) : 8086 9D18 class=060400
0:101  0:000  PCI (00|3B:00.00) : 1179 0116 class=010802
0:101  0:000  PCI (00|00:1F.00) : 8086 9D4E class=060100
0:101  0:000  PCI (00|00:1F.02) : 8086 9D21 class=058000
0:101  0:000  PCI (00|00:1F.03) : 8086 9D71 class=040380
0:101  0:000  PCI (00|00:1F.04) : 8086 9D23 class=0C0500
0:101  0:000  === [ GetDefaultSettings ] ================================
0:101  0:000  Clover load options size = 214 bytes
0:101  0:000  EFI\CLOVER\.plist not loaded with name from LoadOptions: Invalid Parameter
0:103  0:001  EFI\CLOVER\config.plist loaded: Success
0:103  0:000  === [ GetListOfThemes ] ===================================
0:103  0:000  === [ Found config plists ] ===============================
0:103  0:000  - config.plist
0:104  0:000  === [ GetEarlyUserSettings ] ==============================
0:104  0:000  timeout set to 2
0:104  0:000  Custom boot CUSTOM_BOOT_DISABLED (0x0)
0:104  0:000  Default theme: HighSierra
0:104  0:000  Hiding entries with string Preboot
0:104  0:000  Hiding entries with string Recovery
0:104  0:000  === [ LoadDrivers ] =======================================
0:105  0:001  Loading FSInject.efi  status=Success
0:106  0:000  Loading HFSPlus.efi  status=Success
0:107  0:000   - driver needs connecting
0:107  0:000  Loading AppleKeyFeeder.efi  status=Success
0:107  0:000  Loading OsxAptioFix3Drv.efi  status=Success
0:108  0:000  Loading Fat.efi  status=Success
0:108  0:000   - driver needs connecting
0:108  0:000  Loading AppleUiSupport.efi  status=Success
0:210  0:101  Loading VirtualSmc.efi  status=Success
1:233  1:022  Loading ApfsDriverLoader.efi  status=Success
1:233  0:000   - driver needs connecting
1:233  0:000  Loading AudioDxe.efi  status=Success
1:234  0:000   - driver needs connecting
1:234  0:000  Loading BootChimeDxe.efi  status=Success
1:236  0:001  4 drivers needs connecting ...
1:236  0:000  PlatformDriverOverrideProtocol not found. Installing ... Success
1:236  0:000  HFS+ driver loaded
1:236  0:000  APFS driver loaded
1:236  0:000  Searching for invalid DiskIo BY_DRIVER connects: not found, all ok
5:165  3:929  === [ InitScreen ] ========================================
5:165  0:000  Console modes reported: 4, available modes:
5:165  0:000   - [01]: 80x25
5:165  0:000   - [02]: 80x50
5:165  0:000   - [03]: 100x31
5:165  0:000   - [04]: 400x94 (current mode)
5:165  0:000  SetScreenResolution: 1600x900 - not found!
5:165  0:000  SetMaxResolution: found best mode 0: 3200x1800
5:165  0:000   - already set
5:165  0:000  reinit: self device path=PciRoot(0x0)\Pci(0x1D,0x0)\Pci(0x0,0x0)\NVMe(0x1,6B-D4-2C-00-02-0D-08-00)\HD(1,GPT,E39C3811-8795-4BD3-A366-CDA1696E4218,0x800,0x96000)
5:166  0:000  Using embedded font: Success
5:167  0:000  === [ GetMacAddress ] =====================================
5:167  0:000   get legacy LAN MAC, 0 card found
5:167  0:000  === [ ScanSPD ] ===========================================
5:167  0:000  Scanning SMBus [8086:9D23], mmio: 0xDC330004, ioport: 0xF040, hostc: 0x11
5:168  0:001  === [ GetAcpiTablesList ] =================================
5:168  0:000  Get Acpi Tables List from RSDT:
5:168  0:000   - [00]: FACP  CBX3    len=132
5:168  0:000   - [01]: APIC  CBX3    len=188
5:168  0:000   - [02]: FPDT  CBX3    len=68
5:168  0:000   - [03]: FIDT  CBX3    len=172
5:168  0:000   - [04]: MCFG  CBX3    len=60
5:168  0:000   - [05]: HPET  CBX3    len=56
5:168  0:000   - [06]: SSDT  SataTabl len=857
5:168  0:000   - [07]: BOOT  CBX3     len=40
5:168  0:000   - [08]: SSDT  SaSsdt  len=4815
5:168  0:000   - [09]: HPET  KBL-ULT len=56
5:168  0:000   - [10]: SSDT  xh_rvp07 len=3460
5:168  0:000   - [11]: UEFI   len=66
5:168  0:000   - [12]: SSDT  CpuSsdt len=3806
5:168  0:000   - [13]: LPIT  KBL-ULT len=148
5:168  0:000   - [14]: WSMT  CBX3    len=40
5:168  0:000   - [15]: SSDT  HdaDsp len=353
5:168  0:000   - [16]: SSDT  sensrhub len=671
5:168  0:000   - [17]: SSDT  PtidDevc len=12290
5:168  0:000   - [18]: SSDT  TbtTypeC len=219
5:168  0:000   - [19]: DBGP   len=52
5:168  0:000   - [20]: DBG2   len=84
5:168  0:000   - [21]: SSDT  UsbCTabl len=2013
5:168  0:000   - [22]: SSDT  DptfTabl len=34033
5:168  0:000   - [23]: MSDM  CBX3    len=85
5:168  0:000   - [24]: SLIC  CBX3    len=374
5:168  0:000   - [25]: NHLT  EDK2     len=45
5:168  0:000   - [26]: BGRT   len=56
5:168  0:000   - [27]: ASF!   HCG len=160
5:168  0:000   - [28]: DMAR  KBL  len=240
5:168  0:000  Calibrated TSC Frequency = 1992281570 = 1992MHz
5:169  0:000  === [ GetUserSettings ] ===================================
5:169  0:000  Add 3 devices:
5:169  0:000  USB FixOwnership: yes
5:169  0:000   - final DSDT Fix mask=60000000
5:169  0:000  PatchesDSDT: 13 requested
5:169  0:000   - [00]: (change OSID to XSID (to avoid match against _OSI XOSI patch)) lenToFind: 4, lenToReplace: 4, Target Bridge: <null string>
5:169  0:000   - [01]: (change _OSI to XOSI, pair with SSDT-XOSI.aml) lenToFind: 4, lenToReplace: 4, Target Bridge: <null string>
5:169  0:000   - [02]: (Rename BRT6 to BRTX, use with SSDT-BRT6.aml, SSDT-PNLF.aml, AppleBacklightInjector.kext, and VoodooPS2Controller.kext to fix brightness keys) lenToFind: 7, lenToReplace: 7, Target Bridge: <null string>
5:169  0:000   - [03]: (change SAT0 to SATA, optionally pair with SSDT-SATA.aml) lenToFind: 4, lenToReplace: 4, Target Bridge: <null string>
5:169  0:000    patch disabled at config
5:169  0:000   - [04]: (change Method(GPRW,2,N) to XPRW, pair with SSDT-PRW.aml) lenToFind: 5, lenToReplace: 5, Target Bridge: <null string>
5:169  0:000   - [05]: (change ECDV to EC (EC device recognition)) lenToFind: 4, lenToReplace: 4, Target Bridge: <null string>
5:169  0:000   - [06]: (change Method(_PTS,1,N) to ZPTS, pair with SSDT-PTSWAK.aml) lenToFind: 5, lenToReplace: 5, Target Bridge: <null string>
5:169  0:000   - [07]: (change Method(_WAK,1,N) to ZWAK, pair with SSDT-PTSWAK.aml) lenToFind: 5, lenToReplace: 5, Target Bridge: <null string>
5:169  0:000   - [08]: (change _STA to XSTA in device GPI0 (TouchPad I2C)) lenToFind: 11, lenToReplace: 11, Target Bridge: <null string>
5:169  0:000   - [09]: (change _CRS to XCRS in device TPD1 (TouchPad I2C)) lenToFind: 4, lenToReplace: 4, Target Bridge: TPD1
5:169  0:000   - [10]: (change _DSM to XDSM (TPD1/Touchpad I2C)) lenToFind: 4, lenToReplace: 4, Target Bridge: TPD1ge _ptalto X0
5:169  0:000   - [11]: (Rename _RMV to XRMV in RP01.PXSX and use with SSDT-TYPC.aml for USB-C hot plug support) lenToFind: 4, lenToReplace: 4, Target Bridge: RP01
5:169  0:000   - [12]: ((Old) Rename XTBT to YTBT and use with SSDT-YTBT.aml for USB-C hot plug) lenToFind: 6, lenToReplace: 6, Target Bridge: <null string>
5:169  0:000  Devices to rename 1
5:169  0:000  PXSX:RP05:PCI0:_SB_:->will be renamed to ARPT
5:169  0:000  Using ProductName from config: MacBookPro15,2
5:169  0:000  Using latest BiosVersion from clover
5:169  0:000  BiosVersion: MBP152.88Z.F000.B00.1909172038
5:169  0:000  BiosReleaseDate: 09/17/2019
5:169  0:000  Using latest EfiVersion from clover: 1037.0.78.0.0
5:169  0:000  Using FirmwareFeatures from config: 0xFC0FE137
5:169  0:000  Using FirmwareFeaturesMask from config: 0xFF1FFF3F
5:169  0:000  Board-ID set from config as Mac-827FB448E656EC26
5:169  0:000  BoardType: 0xA
5:169  0:000  ChassisType: 0x9
5:169  0:000  CpuFreq: 2700MHz
5:169  0:000  CpuType: 706
5:169  0:000  === [ Found DSDT tables ] =================================
5:878  0:708  === [ ScanVolumes ] =======================================
5:878  0:000  Found 9 volumes with blockIO
5:878  0:000  - [00]: Volume: PciRoot(0x0)\Pci(0x1D,0x0)\Pci(0x0,0x0)\NVMe(0x1,6B-D4-2C-00-02-0D-08-00)
5:878  0:000          Result of bootcode detection: bootable unknown (legacy)
5:878  0:000  - [01]: Volume: PciRoot(0x0)\Pci(0x1D,0x0)\Pci(0x0,0x0)\NVMe(0x1,6B-D4-2C-00-02-0D-08-00)\HD(1,GPT,E39C3811-8795-4BD3-A366-CDA1696E4218,0x800,0x96000)
5:878  0:000          Result of bootcode detection: bootable unknown (legacy)
5:879  0:000          This is SelfVolume !!
5:879  0:000  - [02]: Volume: PciRoot(0x0)\Pci(0x1D,0x0)\Pci(0x0,0x0)\NVMe(0x1,6B-D4-2C-00-02-0D-08-00)\HD(2,GPT,B39A70F1-8F68-44D9-912A-772022202F86,0x96800,0x40000)
5:879  0:000  - [03]: Volume: PciRoot(0x0)\Pci(0x1D,0x0)\Pci(0x0,0x0)\NVMe(0x1,6B-D4-2C-00-02-0D-08-00)\HD(3,GPT,BAA3DA35-127B-4A00-9D99-A7C81BB39C83,0xD6800,0x3B90AA88)
5:879  0:000          Result of bootcode detection: bootable unknown (legacy)
5:879  0:000  - [04]: Volume: PciRoot(0x0)\Pci(0x1D,0x0)\Pci(0x0,0x0)\NVMe(0x1,6B-D4-2C-00-02-0D-08-00)\HD(3,GPT,BAA3DA35-127B-4A00-9D99-A7C81BB39C83,0xD6800,0x3B90AA88)\VenMedia(BE74FCF7-0B7C-49F3-9147-01F4042E6842,E07CD5DC2868034991A73BCE91DAB9C2)
5:879  0:000          hiding this volume
5:879  0:000  - [05]: Volume: PciRoot(0x0)\Pci(0x1D,0x0)\Pci(0x0,0x0)\NVMe(0x1,6B-D4-2C-00-02-0D-08-00)\HD(3,GPT,BAA3DA35-127B-4A00-9D99-A7C81BB39C83,0xD6800,0x3B90AA88)\VenMedia(BE74FCF7-0B7C-49F3-9147-01F4042E6842,20A6A4A2E9E89C489200B6900F1408FB)
5:879  0:000  - [06]: Volume: PciRoot(0x0)\Pci(0x1D,0x0)\Pci(0x0,0x0)\NVMe(0x1,6B-D4-2C-00-02-0D-08-00)\HD(3,GPT,BAA3DA35-127B-4A00-9D99-A7C81BB39C83,0xD6800,0x3B90AA88)\VenMedia(BE74FCF7-0B7C-49F3-9147-01F4042E6842,D6CBDC5C2DFACF4EB414593E59F537DB)
5:879  0:000          hiding this volume
5:879  0:000  - [07]: Volume: PciRoot(0x0)\Pci(0x1D,0x0)\Pci(0x0,0x0)\NVMe(0x1,6B-D4-2C-00-02-0D-08-00)\HD(3,GPT,BAA3DA35-127B-4A00-9D99-A7C81BB39C83,0xD6800,0x3B90AA88)\VenMedia(BE74FCF7-0B7C-49F3-9147-01F4042E6842,A5B08750A90D86479E2F9B2CACCA9BB6)
5:879  0:000  - [08]: Volume: PciRoot(0x0)\Pci(0x1D,0x0)\Pci(0x0,0x0)\NVMe(0x1,6B-D4-2C-00-02-0D-08-00)\HD(3,GPT,BAA3DA35-127B-4A00-9D99-A7C81BB39C83,0xD6800,0x3B90AA88)\VenMedia(BE74FCF7-0B7C-49F3-9147-01F4042E6842,14980AD2C886214BB7D3C3FEDC4EBCE8)
5:879  0:000  found 2 handles with audio
5:879  0:000  No AudioIoDevice stored
5:879  0:000  no stored audio parameters
5:879  0:000  === [ InitTheme ] =========================================
5:879  0:000  use daylight theme
5:879  0:000   using embedded theme
5:879  0:000  got embedded sound
5:879  0:000    Channels: 2  Sample rate: 8000 Hz  Bits: 16
5:879  0:000  output to channel 0 with volume 70, len=25600
5:879  0:000   sound channels=2 bits=16 freq=8000
5:880  0:000  sound converted to 48kHz
5:880  0:000  not found AudioIo to play
5:880  0:000  sound play end with status=Not Found
5:880  0:000  Using embedded font: Success
5:880  0:000  theme inited
5:880  0:000  Chosen embedded theme
5:881  0:000  after NVRAM boot-args=darkwake=4 igfxcflbklt=opcode
5:881  0:000  === [ Dump SMC keys from NVRAM ] ==========================
5:881  0:000  found AppleSMC protocol
5:896  0:015  === [ ScanLoader ] ========================================
5:896  0:000  - [01]: 'EFI'
5:899  0:002          AddLoaderEntry for Volume Name=EFI
5:899  0:000          skipped because entry is hidden
5:899  0:000  - [04]: 'Preboot', hidden
5:899  0:000  - [05]: 'macdisk - pn'
5:900  0:001  - [06]: 'Recovery', hidden
5:900  0:000  - [07]: 'VM'
5:900  0:000  - [08]: 'macdisk'
5:903  0:003          AddLoaderEntry for Volume Name=macdisk
5:906  0:002      hibernated: set as never
5:907  0:001  Scanning legacy ...
5:907  0:000  === [ AddCustomTool ] =====================================
5:907  0:000  found tool \EFI\CLOVER\tools\Shell64U.efi
5:907  0:000  Checking EFI partition Volume 1 for Clover
5:908  0:000   Found Clover
5:909  0:000  === [ GetEfiBootDeviceFromNvram ] =========================
5:909  0:000  Default boot entry not found
5:909  0:000  DefaultIndex=-1 and MainMenu.EntryCount=7
6:529  0:620  GUI ready
11:400  4:871  exit from MainMenu 1
19:472  8:071  Chosen output 1:Realtek ALC256_Speaker
22:496  3:024  exit from MainMenu 1
22:496  0:000  BootVariable of the entry is empty
22:496  0:000  === [ StartLoader ] =======================================
22:496  0:000  Finally: ExternalClock=25MHz BusSpeed=99615kHz CPUFreq=-4294964596MHz PIS: hw.busfrequency=100000000Hz
22:497  0:000  Loading boot.efi  status=Success
22:602  0:104  GetOSVersion: 10.15.1 (19B88)
22:602  0:000  CSR_CFG: CSR_ALLOW_UNTRUSTED_KEXTS | CSR_ALLOW_UNRESTRICTED_FS | CSR_ALLOW_TASK_FOR_PID | CSR_ALLOW_UNRESTRICTED_DTRACE | CSR_ALLOW_UNRESTRICTED_NVRAM
22:602  0:000  Will not patch boot.efi
22:602  0:000  === [ PatchSmbios ] =======================================
22:602  0:000  insert table 9 for dev 0:0
22:602  0:000  Table 11 present, but rewritten for us
22:602  0:000  Injecting user memory modules to SMBIOS
22:602  0:000  Channels: 2
22:602  0:000  Interleave: 0 2 1 3 4 6 5 7 8 10 9 11 12 14 13 15 16 18 17 19 20 22 21 23
22:602  0:000  BANK 0 DIMM0 EMPTY
22:602  0:000  BANK 1 DIMM0 2133MHz 8192MB
22:602  0:000  BANK 0 DIMM1 2133MHz 8192MB
22:602  0:000  mTotalSystemMemory = 16384
22:602  0:000  NumberOfMemoryDevices = 3
22:602  0:000  Type20[0]->End = 0x7FFFFF, Type17[1] = 0x2000
22:602  0:000  Table 131 is present, CPUType=31
22:602  0:000  Change to: 706
22:602  0:000  === [ PatchACPI ] =========================================
22:602  0:000  Xsdt reallocation done
22:602  0:000  old FADT length=10C
22:602  0:000   SignatureFixup: 0x30155148 -> 0x0
22:603  0:000  Apply DsdtFixMask=0x60000000
22:603  0:000     drop _DSM mask=0x0000
22:603  0:000  === [ FixBiosDsdt ] =======================================
22:603  0:000  Patching DSDT:
22:603  0:000   - [change OSID to XSID (to avoid match against _OSI XOSI patch)]: pattern 4F534944, patched at: [ (227B3) (E2) (F) (66F) (1821) ]
22:604  0:000   - [change _OSI to XOSI, pair with SSDT-XOSI.aml]: pattern 5F4F5349, patched at: [ (3B43) (5) (E) (626E) (8713) (3) (18) (1C) (1C) (1A) (18) (18) (18) (18) (18) (101DB) (3) (D) (D) (D) (13) (14) ]
22:604  0:000   - [Rename BRT6 to BRTX, use with SSDT-BRT6.aml, SSDT-PNLF.aml, AppleBacklightInjector.kext, and VoodooPS2Controller.kext to fix brightness keys]: pattern 14204252, patched at: [ (22DF5) ]
22:604  0:000   - [change SAT0 to SATA, optionally pair with SSDT-SATA.aml]: disabled
22:604  0:000   - [change Method(GPRW,2,N) to XPRW, pair with SSDT-PRW.aml]: pattern 47505257, patched at: [ (12AD8) ]
22:604  0:000   - [change ECDV to EC (EC device recognition)]: pattern 45434456, patched at: [ (81A) (16) (24) (16) (46) (16) (16) (28) (16) (16) (22700) (D6D) (3E) (1C) (1B) (460) (14) (A0) (15) (19) (18) (1D) (19) (18) (1D) (15) (19) (18) (16) (9C) (15) (3F) (15) (C95) (123) (1EE) (262) ]
22:604  0:000   - [change Method(_PTS,1,N) to ZPTS, pair with SSDT-PTSWAK.aml]: pattern 5F505453, patched at: [ (99D8) ]
22:604  0:000   - [change Method(_WAK,1,N) to ZWAK, pair with SSDT-PTSWAK.aml]: pattern 5F57414B, patched at: [ (9A21) ]
22:605  0:000   - [change _STA to XSTA in device GPI0 (TouchPad I2C)]: pattern 141D5F53, patched at: [ (EB80) ]
22:605  0:000   - [change _CRS to XCRS in device TPD1 (TouchPad I2C)]: - [change _DSM to XDSM (TPD1/Touchpad I2C)]: - [Rename _RMV to XRMV in RP01.PXSX and use with SSDT-TYPC.aml for USB-C hot plug support]: - [(Old) Rename XTBT to YTBT and use with SSDT-YTBT.aml for USB-C hot plug]: pattern A4005854, patched at: [ (13C26) ]
22:606  0:001  Name: PXSX, Bridge: RP05, Replace: ARPT
22:646  0:039    15 replacements
22:656  0:010  Start Mutex Fix
22:657  0:000  Fixing Mutex(SMIX, 1)
22:657  0:000  Fixing Mutex(WMIX, 1)
22:657  0:000  Fixing Mutex(ECMX, 1)
22:657  0:000  Fixing Mutex(ECSX, 1)
22:657  0:000  Fixing Mutex(ECM1, 1)
22:657  0:000  Fixing Mutex(QSEV, 1)
22:657  0:000  Fixing Mutex(ECAX, 1)
22:657  0:000  PreCleanup XSDT: count=29, length=268
22:657  0:000  PreCleanup XSDT, corrected XSDT: count=29, length=268
22:657  0:000  === [ ACPIDropTables ] ====================================
22:657  0:000  Patching SSDT SataTabl Length=857
22:657  0:000  0. [change OSID to XSID (to avoid match against _OSI XOSI patch)]: pattern 4F534944, bin not found / already patched!
22:657  0:000  1. [change _OSI to XOSI, pair with SSDT-XOSI.aml]: pattern 5F4F5349, bin not found / already patched!
22:657  0:000  2. [Rename BRT6 to BRTX, use with SSDT-BRT6.aml, SSDT-PNLF.aml, AppleBacklightInjector.kext, and VoodooPS2Controller.kext to fix brightness keys]: pattern 14204252, bin not found / already patched!
22:657  0:000  3. [change SAT0 to SATA, optionally pair with SSDT-SATA.aml]: disabled
22:657  0:000  4. [change Method(GPRW,2,N) to XPRW, pair with SSDT-PRW.aml]: pattern 47505257, bin not found / already patched!
22:657  0:000  5. [change ECDV to EC (EC device recognition)]: pattern 45434456, bin not found / already patched!
22:657  0:000  6. [change Method(_PTS,1,N) to ZPTS, pair with SSDT-PTSWAK.aml]: pattern 5F505453, bin not found / already patched!
22:657  0:000  7. [change Method(_WAK,1,N) to ZWAK, pair with SSDT-PTSWAK.aml]: pattern 5F57414B, bin not found / already patched!
22:657  0:000  8. [change _STA to XSTA in device GPI0 (TouchPad I2C)]: pattern 141D5F53, bin not found / already patched!
22:657  0:000  9. [change _CRS to XCRS in device TPD1 (TouchPad I2C)]: pattern 5F435253, bin not found / already patched!
22:657  0:000  10. [change _DSM to XDSM (TPD1/Touchpad I2C)]: pattern 5F44534D, bin not found / already patched!
22:657  0:000  11. [Rename _RMV to XRMV in RP01.PXSX and use with SSDT-TYPC.aml for USB-C hot plug support]: pattern 5F524D56, bin not found / already patched!
22:657  0:000  12. [(Old) Rename XTBT to YTBT and use with SSDT-YTBT.aml for USB-C hot plug]: pattern A4005854, bin not found / already patched!
22:657  0:000  Name: PXSX, Bridge: RP05, Replace: ARPT
22:657  0:000    0 replacements
22:657  0:000  Patching SSDT SaSsdt  Length=4815
22:657  0:000  0. [change OSID to XSID (to avoid match against _OSI XOSI patch)]: pattern 4F534944, bin not found / already patched!
22:657  0:000  1. [change _OSI to XOSI, pair with SSDT-XOSI.aml]: pattern 5F4F5349, bin not found / already patched!
22:657  0:000  2. [Rename BRT6 to BRTX, use with SSDT-BRT6.aml, SSDT-PNLF.aml, AppleBacklightInjector.kext, and VoodooPS2Controller.kext to fix brightness keys]: pattern 14204252, bin not found / already patched!
22:657  0:000  3. [change SAT0 to SATA, optionally pair with SSDT-SATA.aml]: disabled
22:657  0:000  4. [change Method(GPRW,2,N) to XPRW, pair with SSDT-PRW.aml]: pattern 47505257, bin not found / already patched!
22:657  0:000  5. [change ECDV to EC (EC device recognition)]: pattern 45434456, bin not found / already patched!
22:657  0:000  6. [change Method(_PTS,1,N) to ZPTS, pair with SSDT-PTSWAK.aml]: pattern 5F505453, bin not found / already patched!
22:657  0:000  7. [change Method(_WAK,1,N) to ZWAK, pair with SSDT-PTSWAK.aml]: pattern 5F57414B, bin not found / already patched!
22:657  0:000  8. [change _STA to XSTA in device GPI0 (TouchPad I2C)]: pattern 141D5F53, bin not found / already patched!
22:657  0:000  9. [change _CRS to XCRS in device TPD1 (TouchPad I2C)]: pattern 5F435253, bin not found / already patched!
22:657  0:000  10. [change _DSM to XDSM (TPD1/Touchpad I2C)]: pattern 5F44534D, patched at: [ (DBD) ]
22:657  0:000  11. [Rename _RMV to XRMV in RP01.PXSX and use with SSDT-TYPC.aml for USB-C hot plug support]: pattern 5F524D56, bin not found / already patched!
22:657  0:000  12. [(Old) Rename XTBT to YTBT and use with SSDT-YTBT.aml for USB-C hot plug]: pattern A4005854, bin not found / already patched!
22:657  0:000  Name: PXSX, Bridge: RP05, Replace: ARPT
22:657  0:000    0 replacements
22:657  0:000  Found OperationRegion(SANV, SystemMemory, 70C15898, ...)
22:657  0:000  Patching SSDT xh_rvp07 Length=3460
22:657  0:000  0. [change OSID to XSID (to avoid match against _OSI XOSI patch)]: pattern 4F534944, bin not found / already patched!
22:657  0:000  1. [change _OSI to XOSI, pair with SSDT-XOSI.aml]: pattern 5F4F5349, bin not found / already patched!
22:657  0:000  2. [Rename BRT6 to BRTX, use with SSDT-BRT6.aml, SSDT-PNLF.aml, AppleBacklightInjector.kext, and VoodooPS2Controller.kext to fix brightness keys]: pattern 14204252, bin not found / already patched!
22:657  0:000  3. [change SAT0 to SATA, optionally pair with SSDT-SATA.aml]: disabled
22:657  0:000  4. [change Method(GPRW,2,N) to XPRW, pair with SSDT-PRW.aml]: pattern 47505257, bin not found / already patched!
22:657  0:000  5. [change ECDV to EC (EC device recognition)]: pattern 45434456, bin not found / already patched!
22:657  0:000  6. [change Method(_PTS,1,N) to ZPTS, pair with SSDT-PTSWAK.aml]: pattern 5F505453, bin not found / already patched!
22:657  0:000  7. [change Method(_WAK,1,N) to ZWAK, pair with SSDT-PTSWAK.aml]: pattern 5F57414B, bin not found / already patched!
22:657  0:000  8. [change _STA to XSTA in device GPI0 (TouchPad I2C)]: pattern 141D5F53, bin not found / already patched!
22:657  0:000  9. [change _CRS to XCRS in device TPD1 (TouchPad I2C)]: pattern 5F435253, bin not found / already patched!
22:657  0:000  10. [change _DSM to XDSM (TPD1/Touchpad I2C)]: pattern 5F44534D, bin not found / already patched!
22:657  0:000  11. [Rename _RMV to XRMV in RP01.PXSX and use with SSDT-TYPC.aml for USB-C hot plug support]: pattern 5F524D56, bin not found / already patched!
22:657  0:000  12. [(Old) Rename XTBT to YTBT and use with SSDT-YTBT.aml for USB-C hot plug]: pattern A4005854, bin not found / already patched!
22:657  0:000  Name: PXSX, Bridge: RP05, Replace: ARPT
22:657  0:000    0 replacements
22:657  0:000  Patching SSDT CpuSsdt Length=3806
22:657  0:000  0. [change OSID to XSID (to avoid match against _OSI XOSI patch)]: pattern 4F534944, bin not found / already patched!
22:657  0:000  1. [change _OSI to XOSI, pair with SSDT-XOSI.aml]: pattern 5F4F5349, bin not found / already patched!
22:657  0:000  2. [Rename BRT6 to BRTX, use with SSDT-BRT6.aml, SSDT-PNLF.aml, AppleBacklightInjector.kext, and VoodooPS2Controller.kext to fix brightness keys]: pattern 14204252, bin not found / already patched!
22:657  0:000  3. [change SAT0 to SATA, optionally pair with SSDT-SATA.aml]: disabled
22:657  0:000  4. [change Method(GPRW,2,N) to XPRW, pair with SSDT-PRW.aml]: pattern 47505257, bin not found / already patched!
22:657  0:000  5. [change ECDV to EC (EC device recognition)]: pattern 45434456, bin not found / already patched!
22:657  0:000  6. [change Method(_PTS,1,N) to ZPTS, pair with SSDT-PTSWAK.aml]: pattern 5F505453, bin not found / already patched!
22:657  0:000  7. [change Method(_WAK,1,N) to ZWAK, pair with SSDT-PTSWAK.aml]: pattern 5F57414B, bin not found / already patched!
22:657  0:000  8. [change _STA to XSTA in device GPI0 (TouchPad I2C)]: pattern 141D5F53, bin not found / already patched!
22:657  0:000  9. [change _CRS to XCRS in device TPD1 (TouchPad I2C)]: pattern 5F435253, bin not found / already patched!
22:657  0:000  10. [change _DSM to XDSM (TPD1/Touchpad I2C)]: pattern 5F44534D, bin not found / already patched!
22:657  0:000  11. [Rename _RMV to XRMV in RP01.PXSX and use with SSDT-TYPC.aml for USB-C hot plug support]: pattern 5F524D56, bin not found / already patched!
22:657  0:000  12. [(Old) Rename XTBT to YTBT and use with SSDT-YTBT.aml for USB-C hot plug]: pattern A4005854, bin not found / already patched!
22:657  0:000  Name: PXSX, Bridge: RP05, Replace: ARPT
22:657  0:000    0 replacements
22:657  0:000  Found OperationRegion(PNVS, SystemMemory, 53E3C000, ...)
22:657  0:000  Patching SSDT HdaDsp Length=353
22:657  0:000  0. [change OSID to XSID (to avoid match against _OSI XOSI patch)]: pattern 4F534944, bin not found / already patched!
22:657  0:000  1. [change _OSI to XOSI, pair with SSDT-XOSI.aml]: pattern 5F4F5349, bin not found / already patched!
22:657  0:000  2. [Rename BRT6 to BRTX, use with SSDT-BRT6.aml, SSDT-PNLF.aml, AppleBacklightInjector.kext, and VoodooPS2Controller.kext to fix brightness keys]: pattern 14204252, bin not found / already patched!
22:657  0:000  3. [change SAT0 to SATA, optionally pair with SSDT-SATA.aml]: disabled
22:657  0:000  4. [change Method(GPRW,2,N) to XPRW, pair with SSDT-PRW.aml]: pattern 47505257, bin not found / already patched!
22:657  0:000  5. [change ECDV to EC (EC device recognition)]: pattern 45434456, bin not found / already patched!
22:657  0:000  6. [change Method(_PTS,1,N) to ZPTS, pair with SSDT-PTSWAK.aml]: pattern 5F505453, bin not found / already patched!
22:657  0:000  7. [change Method(_WAK,1,N) to ZWAK, pair with SSDT-PTSWAK.aml]: pattern 5F57414B, bin not found / already patched!
22:657  0:000  8. [change _STA to XSTA in device GPI0 (TouchPad I2C)]: pattern 141D5F53, bin not found / already patched!
22:657  0:000  9. [change _CRS to XCRS in device TPD1 (TouchPad I2C)]: pattern 5F435253, bin not found / already patched!
22:657  0:000  10. [change _DSM to XDSM (TPD1/Touchpad I2C)]: pattern 5F44534D, bin not found / already patched!
22:657  0:000  11. [Rename _RMV to XRMV in RP01.PXSX and use with SSDT-TYPC.aml for USB-C hot plug support]: pattern 5F524D56, bin not found / already patched!
22:657  0:000  12. [(Old) Rename XTBT to YTBT and use with SSDT-YTBT.aml for USB-C hot plug]: pattern A4005854, bin not found / already patched!
22:657  0:000  Name: PXSX, Bridge: RP05, Replace: ARPT
22:657  0:000    0 replacements
22:657  0:000  Patching SSDT sensrhub Length=671
22:657  0:000  0. [change OSID to XSID (to avoid match against _OSI XOSI patch)]: pattern 4F534944, bin not found / already patched!
22:657  0:000  1. [change _OSI to XOSI, pair with SSDT-XOSI.aml]: pattern 5F4F5349, bin not found / already patched!
22:657  0:000  2. [Rename BRT6 to BRTX, use with SSDT-BRT6.aml, SSDT-PNLF.aml, AppleBacklightInjector.kext, and VoodooPS2Controller.kext to fix brightness keys]: pattern 14204252, bin not found / already patched!
22:657  0:000  3. [change SAT0 to SATA, optionally pair with SSDT-SATA.aml]: disabled
22:657  0:000  4. [change Method(GPRW,2,N) to XPRW, pair with SSDT-PRW.aml]: pattern 47505257, bin not found / already patched!
22:657  0:000  5. [change ECDV to EC (EC device recognition)]: pattern 45434456, bin not found / already patched!
22:657  0:000  6. [change Method(_PTS,1,N) to ZPTS, pair with SSDT-PTSWAK.aml]: pattern 5F505453, bin not found / already patched!
22:657  0:000  7. [change Method(_WAK,1,N) to ZWAK, pair with SSDT-PTSWAK.aml]: pattern 5F57414B, bin not found / already patched!
22:657  0:000  8. [change _STA to XSTA in device GPI0 (TouchPad I2C)]: pattern 141D5F53, bin not found / already patched!
22:657  0:000  9. [change _CRS to XCRS in device TPD1 (TouchPad I2C)]: pattern 5F435253, bin not found / already patched!
22:657  0:000  10. [change _DSM to XDSM (TPD1/Touchpad I2C)]: pattern 5F44534D, patched at: [ (A5) ]
22:657  0:000  11. [Rename _RMV to XRMV in RP01.PXSX and use with SSDT-TYPC.aml for USB-C hot plug support]: pattern 5F524D56, bin not found / already patched!
22:657  0:000  12. [(Old) Rename XTBT to YTBT and use with SSDT-YTBT.aml for USB-C hot plug]: pattern A4005854, bin not found / already patched!
22:657  0:000  Name: PXSX, Bridge: RP05, Replace: ARPT
22:657  0:000    0 replacements
22:657  0:000  Patching SSDT PtidDevc Length=12290
22:657  0:000  0. [change OSID to XSID (to avoid match against _OSI XOSI patch)]: pattern 4F534944, bin not found / already patched!
22:657  0:000  1. [change _OSI to XOSI, pair with SSDT-XOSI.aml]: pattern 5F4F5349, bin not found / already patched!
22:657  0:000  2. [Rename BRT6 to BRTX, use with SSDT-BRT6.aml, SSDT-PNLF.aml, AppleBacklightInjector.kext, and VoodooPS2Controller.kext to fix brightness keys]: pattern 14204252, bin not found / already patched!
22:657  0:000  3. [change SAT0 to SATA, optionally pair with SSDT-SATA.aml]: disabled
22:657  0:000  4. [change Method(GPRW,2,N) to XPRW, pair with SSDT-PRW.aml]: pattern 47505257, bin not found / already patched!
22:657  0:000  5. [change ECDV to EC (EC device recognition)]: pattern 45434456, bin not found / already patched!
22:657  0:000  6. [change Method(_PTS,1,N) to ZPTS, pair with SSDT-PTSWAK.aml]: pattern 5F505453, bin not found / already patched!
22:657  0:000  7. [change Method(_WAK,1,N) to ZWAK, pair with SSDT-PTSWAK.aml]: pattern 5F57414B, bin not found / already patched!
22:657  0:000  8. [change _STA to XSTA in device GPI0 (TouchPad I2C)]: pattern 141D5F53, bin not found / already patched!
22:657  0:000  9. [change _CRS to XCRS in device TPD1 (TouchPad I2C)]: pattern 5F435253, bin not found / already patched!
22:657  0:000  10. [change _DSM to XDSM (TPD1/Touchpad I2C)]: pattern 5F44534D, bin not found / already patched!
22:657  0:000  11. [Rename _RMV to XRMV in RP01.PXSX and use with SSDT-TYPC.aml for USB-C hot plug support]: pattern 5F524D56, bin not found / already patched!
22:657  0:000  12. [(Old) Rename XTBT to YTBT and use with SSDT-YTBT.aml for USB-C hot plug]: pattern A4005854, bin not found / already patched!
22:657  0:000  Name: PXSX, Bridge: RP05, Replace: ARPT
22:657  0:000    0 replacements
22:657  0:000  Patching SSDT TbtTypeC Length=219
22:657  0:000  0. [change OSID to XSID (to avoid match against _OSI XOSI patch)]: pattern 4F534944, bin not found / already patched!
22:657  0:000  1. [change _OSI to XOSI, pair with SSDT-XOSI.aml]: pattern 5F4F5349, bin not found / already patched!
22:657  0:000  2. [Rename BRT6 to BRTX, use with SSDT-BRT6.aml, SSDT-PNLF.aml, AppleBacklightInjector.kext, and VoodooPS2Controller.kext to fix brightness keys]: pattern 14204252, bin not found / already patched!
22:657  0:000  3. [change SAT0 to SATA, optionally pair with SSDT-SATA.aml]: disabled
22:657  0:000  4. [change Method(GPRW,2,N) to XPRW, pair with SSDT-PRW.aml]: pattern 47505257, bin not found / already patched!
22:657  0:000  5. [change ECDV to EC (EC device recognition)]: pattern 45434456, bin not found / already patched!
22:657  0:000  6. [change Method(_PTS,1,N) to ZPTS, pair with SSDT-PTSWAK.aml]: pattern 5F505453, bin not found / already patched!
22:657  0:000  7. [change Method(_WAK,1,N) to ZWAK, pair with SSDT-PTSWAK.aml]: pattern 5F57414B, bin not found / already patched!
22:657  0:000  8. [change _STA to XSTA in device GPI0 (TouchPad I2C)]: pattern 141D5F53, bin not found / already patched!
22:657  0:000  9. [change _CRS to XCRS in device TPD1 (TouchPad I2C)]: pattern 5F435253, bin not found / already patched!
22:657  0:000  10. [change _DSM to XDSM (TPD1/Touchpad I2C)]: pattern 5F44534D, bin not found / already patched!
22:657  0:000  11. [Rename _RMV to XRMV in RP01.PXSX and use with SSDT-TYPC.aml for USB-C hot plug support]: pattern 5F524D56, bin not found / already patched!
22:657  0:000  12. [(Old) Rename XTBT to YTBT and use with SSDT-YTBT.aml for USB-C hot plug]: pattern A4005854, bin not found / already patched!
22:657  0:000  Name: PXSX, Bridge: RP05, Replace: ARPT
22:657  0:000    0 replacements
22:657  0:000  Patching SSDT UsbCTabl Length=2013
22:657  0:000  0. [change OSID to XSID (to avoid match against _OSI XOSI patch)]: pattern 4F534944, bin not found / already patched!
22:657  0:000  1. [change _OSI to XOSI, pair with SSDT-XOSI.aml]: pattern 5F4F5349, bin not found / already patched!
22:657  0:000  2. [Rename BRT6 to BRTX, use with SSDT-BRT6.aml, SSDT-PNLF.aml, AppleBacklightInjector.kext, and VoodooPS2Controller.kext to fix brightness keys]: pattern 14204252, bin not found / already patched!
22:657  0:000  3. [change SAT0 to SATA, optionally pair with SSDT-SATA.aml]: disabled
22:657  0:000  4. [change Method(GPRW,2,N) to XPRW, pair with SSDT-PRW.aml]: pattern 47505257, bin not found / already patched!
22:657  0:000  5. [change ECDV to EC (EC device recognition)]: pattern 45434456, patched at: [ (51) (12) (55F) ]
22:657  0:000  6. [change Method(_PTS,1,N) to ZPTS, pair with SSDT-PTSWAK.aml]: pattern 5F505453, bin not found / already patched!
22:657  0:000  7. [change Method(_WAK,1,N) to ZWAK, pair with SSDT-PTSWAK.aml]: pattern 5F57414B, bin not found / already patched!
22:657  0:000  8. [change _STA to XSTA in device GPI0 (TouchPad I2C)]: pattern 141D5F53, bin not found / already patched!
22:657  0:000  9. [change _CRS to XCRS in device TPD1 (TouchPad I2C)]: pattern 5F435253, patched at: [ (1C7) ]
22:657  0:000  10. [change _DSM to XDSM (TPD1/Touchpad I2C)]: pattern 5F44534D, patched at: [ (332) ]
22:657  0:000  11. [Rename _RMV to XRMV in RP01.PXSX and use with SSDT-TYPC.aml for USB-C hot plug support]: pattern 5F524D56, bin not found / already patched!
22:658  0:000  12. [(Old) Rename XTBT to YTBT and use with SSDT-YTBT.aml for USB-C hot plug]: pattern A4005854, bin not found / already patched!
22:658  0:000  Name: PXSX, Bridge: RP05, Replace: ARPT
22:658  0:000    0 replacements
22:658  0:000  Patching SSDT DptfTabl Length=34033
22:658  0:000  0. [change OSID to XSID (to avoid match against _OSI XOSI patch)]: pattern 4F534944, bin not found / already patched!
22:658  0:000  1. [change _OSI to XOSI, pair with SSDT-XOSI.aml]: pattern 5F4F5349, bin not found / already patched!
22:658  0:000  2. [Rename BRT6 to BRTX, use with SSDT-BRT6.aml, SSDT-PNLF.aml, AppleBacklightInjector.kext, and VoodooPS2Controller.kext to fix brightness keys]: pattern 14204252, bin not found / already patched!
22:658  0:000  3. [change SAT0 to SATA, optionally pair with SSDT-SATA.aml]: disabled
22:658  0:000  4. [change Method(GPRW,2,N) to XPRW, pair with SSDT-PRW.aml]: pattern 47505257, bin not found / already patched!
22:658  0:000  5. [change ECDV to EC (EC device recognition)]: pattern 45434456, patched at: [ (704) (12) (2B8) (16) (46) (337) (8D3) (B6) (BA) (B6) (B6) (89C) (B6) (BA) (B6) (B6) (253) (BA) (BA) (B6) (27D) (BA) (BA) (B6) (89C) (B6) (BA) (B6) (B6) (253) (BA) (BA) (B6) (27D) (B6) (BA) (B6) (B6) (7B9) (B6) (BA) (B6) (B6) (253) (BA) (BA) (B6) (90) (3A) (15) (18) (4B) (1D) (1D) (2E) (17) (16) (17) (20) (20) (17) (29) (16) (1D) (17) (1F) (16) (1D) (17) (1F) (16) (1D) (17) (1F) (1E) (C95) (D6D) (7B) (41) (31) (17) (1B) (26) (31) (17) (1B) (2E) (113) (82) (18) (7D) (46) (37) (16) (1A) (2C) (37) (16) (1A) (2E) (125) (82) (18) (83) (41) (31) (17) (1B) (26) (31) (17) (1B) (2E) (155) (F7) (C6) (3F) (31) (17) (1B) (26) (31) (17) (1B) (236) (27) (27) (EC) (2E) (2E) (81) ]
22:658  0:000  6. [change Method(_PTS,1,N) to ZPTS, pair with SSDT-PTSWAK.aml]: pattern 5F505453, bin not found / already patched!
22:658  0:000  7. [change Method(_WAK,1,N) to ZWAK, pair with SSDT-PTSWAK.aml]: pattern 5F57414B, bin not found / already patched!
22:658  0:000  8. [change _STA to XSTA in device GPI0 (TouchPad I2C)]: pattern 141D5F53, bin not found / already patched!
22:658  0:000  9. [change _CRS to XCRS in device TPD1 (TouchPad I2C)]: pattern 5F435253, bin not found / already patched!
22:658  0:000  10. [change _DSM to XDSM (TPD1/Touchpad I2C)]: pattern 5F44534D, bin not found / already patched!
22:658  0:000  11. [Rename _RMV to XRMV in RP01.PXSX and use with SSDT-TYPC.aml for USB-C hot plug support]: pattern 5F524D56, bin not found / already patched!
22:658  0:000  12. [(Old) Rename XTBT to YTBT and use with SSDT-YTBT.aml for USB-C hot plug]: pattern A4005854, bin not found / already patched!
22:658  0:000  Name: PXSX, Bridge: RP05, Replace: ARPT
22:658  0:000    0 replacements
22:658  0:000  === [ ACPIPatchedAML ] ====================================
22:658  0:000  Sorted
22:658  0:000  Inserting table[0]:SSDT-XOSI.aml from EFI\CLOVER\ACPI\patched: size=178 ... Success
22:658  0:000  Inserting table[1]:SSDT-Config.aml from EFI\CLOVER\ACPI\patched: size=888 ... Success
22:659  0:000  Inserting table[2]:SSDT-PNLF.aml from EFI\CLOVER\ACPI\patched: size=1128 ... Success
22:659  0:000  Inserting table[3]:SSDT-BRT6.aml from EFI\CLOVER\ACPI\patched: size=243 ... Success
22:659  0:000  Inserting table[4]:SSDT-UIAC.aml from EFI\CLOVER\ACPI\patched: size=387 ... Success
22:659  0:000  Inserting table[5]:SSDT-USBX.aml from EFI\CLOVER\ACPI\patched: size=185 ... Success
22:659  0:000  Inserting table[6]:SSDT-PTSWAK.aml from EFI\CLOVER\ACPI\patched: size=782 ... Success
22:660  0:000  Inserting table[7]:SSDT-PRW.aml from EFI\CLOVER\ACPI\patched: size=127 ... Success
22:660  0:000  Inserting table[8]:SSDT-TYPC.aml from EFI\CLOVER\ACPI\patched: size=100 ... Success
22:660  0:000  Inserting table[9]:SSDT-YTBT.aml from EFI\CLOVER\ACPI\patched: size=61 ... Success
22:660  0:000  Inserting table[10]:SSDT-I2C.aml from EFI\CLOVER\ACPI\patched: size=369 ... Success
22:661  0:000  Inserting table[11]:SSDT-SMCD.aml from EFI\CLOVER\ACPI\patched: size=482 ... Success
22:661  0:000  ApicCPUNum=1
22:661  0:000  Maximum control=0x14
22:661  0:000  Turbo control=0x28
22:661  0:000  P-States: min 0x4, max 0x28
22:661  0:000  SSDT with plugin-type without P-States is generated
22:661  0:000  Cleanup XSDT: count=42, length=372
22:661  0:000  corrected XSDT count=42, length=372
22:661  0:000  === [ RestSetup macOS ] ===================================
22:661  0:000  EdidDiscovered size=128
22:661  0:000  --- Discovered EDID Table size:128
22:661  0:000  000  |  00  FF  FF  FF  FF  FF  FF  00  4D  10
22:661  0:000  010  |  4A  14  00  00  00  00  1E  19  01  04
22:661  0:000  020  |  A5  1D  11  78  0E  DE  50  A3  54  4C
22:661  0:000  030  |  99  26  0F  50  54  00  00  00  01  01
22:661  0:000  040  |  01  01  01  01  01  01  01  01  01  01
22:661  0:000  050  |  01  01  01  01  CD  91  80  A0  C0  08
22:661  0:000  060  |  34  70  30  20  35  00  26  A5  10  00
22:661  0:000  070  |  00  18  A4  74  80  A0  C0  08  34  70
22:661  0:000  080  |  30  20  35  00  26  A5  10  00  00  18
22:661  0:000  090  |  00  00  00  FE  00  52  58  4E  34  39
22:661  0:000  100  |  81  4C  51  31  33  33  5A  31  00  00
22:661  0:000  110  |  00  00  00  02  41  03  28  00  12  00
22:661  0:000  120  |  00  0B  01  0A  20  20  00  CC
22:661  0:000  add device: PciRoot(0x0)/Pci(0x2,0x0)
22:661  0:000     Add key=framebuffer-stolenmem valuelen=4
22:661  0:000     Add key=framebuffer-patch-enable valuelen=4
22:661  0:000     Add key=framebuffer-fbmem valuelen=4
22:661  0:000     Add key=enable-hdmi20 valuelen=4
22:661  0:000     Add key=device-id valuelen=4
22:661  0:000     Add key=AAPL,ig-platform-id valuelen=4
22:661  0:000  add device: PciRoot(0x0)/Pci(0x1F,0x3)
22:661  0:000     Add key=layout-id valuelen=4
22:661  0:000  add device: PciRoot(0x0)/Pci(0x1F,0x0)
22:661  0:000     Add key=device-id valuelen=4
22:661  0:000     Add key=compatible valuelen=13
22:661  0:000  Intel GFX injection not set
22:661  0:000   RCBA disabled; cannot use it
22:662  0:000  stringlength = 1254
22:662  0:000  CurrentMode: Width=3200 Height=1800
22:662  0:000  Beginning FSInjection
FSInjectionInstall ...
- Our FSI_SIMPLE_FILE_SYSTEM_PROTOCOL installed on handle: 62A23798
FSInjectionInstall ...
- Our FSI_SIMPLE_FILE_SYSTEM_PROTOCOL installed on handle: 62A23798
22:670  0:008  Remap smbios table type 1 guid.
22:673  0:002  Preparing kexts injection for arch=x86_64 from EFI\CLOVER\kexts\Other
22:673  0:000  Extra kext: EFI\CLOVER\kexts\Other\RtWlanU.kext (v.1830.32.b7)
22:770  0:097  Extra kext: EFI\CLOVER\kexts\Other\RtWlanU1827.kext (v.1827.4.b36)
22:820  0:049  Extra kext: EFI\CLOVER\kexts\Other\VoodooI2C.kext (v.2.2)
22:835  0:015    |-- PlugIn kext: EFI\CLOVER\kexts\Other\VoodooI2C.kext\Contents\PlugIns\VoodooI2CServices.kext (v.1)
22:841  0:005    |-- PlugIn kext: EFI\CLOVER\kexts\Other\VoodooI2C.kext\Contents\PlugIns\VoodooGPIO.kext (v.1.1)
22:849  0:007  Extra kext: EFI\CLOVER\kexts\Other\SMCLightSensor.kext (v.1)
22:857  0:008  Extra kext: EFI\CLOVER\kexts\Other\VoodooPS2Controller.kext (v.1.9.2)
22:865  0:008    |-- PlugIn kext: EFI\CLOVER\kexts\Other\VoodooPS2Controller.kext\Contents\PlugIns\VoodooPS2Mouse.kext (v.1.9.2)
22:873  0:007    |-- PlugIn kext: EFI\CLOVER\kexts\Other\VoodooPS2Controller.kext\Contents\PlugIns\VoodooPS2Keyboard.kext (v.1.9.2)
22:888  0:014    |-- PlugIn kext: EFI\CLOVER\kexts\Other\VoodooPS2Controller.kext\Contents\PlugIns\VoodooPS2Trackpad.kext (v.1.9.2)
22:903  0:015  Extra kext: EFI\CLOVER\kexts\Other\UVC2FaceTimeHD.kext (v.1.0.2)
22:908  0:004  Extra kext: EFI\CLOVER\kexts\Other\VirtualSMC.kext (v.1.0.9)
22:921  0:013  Extra kext: EFI\CLOVER\kexts\Other\VoodooI2CHID.kext (v.1)
22:936  0:014  Extra kext: EFI\CLOVER\kexts\Other\VerbStub.kext (v.1.0.3)
22:943  0:006  Extra kext: EFI\CLOVER\kexts\Other\USBInjectAll.kext (v.0.7.1)
23:255  0:312  Extra kext: EFI\CLOVER\kexts\Other\SMCProcessor.kext (v.1.0.9)
23:263  0:008  Extra kext: EFI\CLOVER\kexts\Other\SMCBatteryManager.kext (v.1)
23:274  0:010  Extra kext: EFI\CLOVER\kexts\Other\WhateverGreen.kext (v.1.3.4)
23:284  0:010  Extra kext: EFI\CLOVER\kexts\Other\AppleALC.kext (v.1.4.3)
23:920  0:636  Extra kext: EFI\CLOVER\kexts\Other\AirportBrcmFixup.kext (v.2.0.4)
23:938  0:018  Extra kext: EFI\CLOVER\kexts\Other\NoTouchID.kext (v.1.0.2)
23:947  0:008  Extra kext: EFI\CLOVER\kexts\Other\Lilu.kext (v.1.3.9)
23:972  0:025  SetScreenResolution: 3200x1800 - already set
23:972  0:000  Custom boot is disabled
23:974  0:001  Closing log
